<?xml version="1.0" encoding="UTF-8"?>
<!-- Generated by org.testng.reporters.JUnitXMLReporter -->
<testsuite ignored="0" hostname="PeterPC" failures="0" tests="4" name="chrometest" time="43.198" errors="0" timestamp="2023-04-28T20:42:58 EDT">
  <testcase classname="com.nopcommerce.testCases.TC_LoginDDT_002" name="loginTest" time="12.606"/>
  <testcase classname="com.nopcommerce.testCases.TC_LoginDDT_002" name="loginTest" time="6.884"/>
  <testcase classname="com.nopcommerce.testCases.TC_LoginDDT_002" name="loginTest" time="6.929"/>
  <testcase classname="com.nopcommerce.testCases.TC_LoginDDT_002" name="loginTest" time="6.261"/>
</testsuite> <!-- chrometest -->
