<?xml version="1.0" encoding="UTF-8"?>
<testng-results ignored="0" total="4" passed="4" failed="0" skipped="0">
  <reporter-output>
  </reporter-output>
  <suite started-at="2023-04-28T20:42:15 EDT" name="nopCommerce" finished-at="2023-04-28T20:42:58 EDT" duration-ms="43198">
    <groups>
    </groups>
    <test started-at="2023-04-28T20:42:15 EDT" name="chrometest" finished-at="2023-04-28T20:42:58 EDT" duration-ms="43198">
      <class name="com.nopcommerce.testCases.TC_LoginDDT_002">
        <test-method is-config="true" signature="setup(java.lang.String)[pri:0, instance:com.nopcommerce.testCases.TC_LoginDDT_002@293d0107]" started-at="2023-04-28T20:42:15 EDT" name="setup" finished-at="2023-04-28T20:42:24 EDT" duration-ms="8873" status="PASS">
          <params>
            <param index="0">
              <value>
                <![CDATA[chrome]]>
              </value>
            </param>
          </params>
          <reporter-output>
          </reporter-output>
        </test-method> <!-- setup -->
        <test-method signature="loginTest(java.lang.String, java.lang.String, java.lang.String)[pri:0, instance:com.nopcommerce.testCases.TC_LoginDDT_002@293d0107]" started-at="2023-04-28T20:42:25 EDT" name="loginTest" data-provider="LoginData" finished-at="2023-04-28T20:42:38 EDT" duration-ms="12606" status="PASS">
          <params>
            <param index="0">
              <value>
                <![CDATA[admin@yourstore.com]]>
              </value>
            </param>
            <param index="1">
              <value>
                <![CDATA[admin]]>
              </value>
            </param>
            <param index="2">
              <value>
                <![CDATA[Pass]]>
              </value>
            </param>
          </params>
          <reporter-output>
          </reporter-output>
        </test-method> <!-- loginTest -->
        <test-method signature="loginTest(java.lang.String, java.lang.String, java.lang.String)[pri:0, instance:com.nopcommerce.testCases.TC_LoginDDT_002@293d0107]" started-at="2023-04-28T20:42:38 EDT" name="loginTest" data-provider="LoginData" finished-at="2023-04-28T20:42:45 EDT" duration-ms="6884" status="PASS">
          <params>
            <param index="0">
              <value>
                <![CDATA[admin@yourstore.com]]>
              </value>
            </param>
            <param index="1">
              <value>
                <![CDATA[adm]]>
              </value>
            </param>
            <param index="2">
              <value>
                <![CDATA[Fail]]>
              </value>
            </param>
          </params>
          <reporter-output>
          </reporter-output>
        </test-method> <!-- loginTest -->
        <test-method signature="loginTest(java.lang.String, java.lang.String, java.lang.String)[pri:0, instance:com.nopcommerce.testCases.TC_LoginDDT_002@293d0107]" started-at="2023-04-28T20:42:45 EDT" name="loginTest" data-provider="LoginData" finished-at="2023-04-28T20:42:52 EDT" duration-ms="6929" status="PASS">
          <params>
            <param index="0">
              <value>
                <![CDATA[adm@yourstore.com]]>
              </value>
            </param>
            <param index="1">
              <value>
                <![CDATA[admin]]>
              </value>
            </param>
            <param index="2">
              <value>
                <![CDATA[Fail]]>
              </value>
            </param>
          </params>
          <reporter-output>
          </reporter-output>
        </test-method> <!-- loginTest -->
        <test-method signature="loginTest(java.lang.String, java.lang.String, java.lang.String)[pri:0, instance:com.nopcommerce.testCases.TC_LoginDDT_002@293d0107]" started-at="2023-04-28T20:42:52 EDT" name="loginTest" data-provider="LoginData" finished-at="2023-04-28T20:42:58 EDT" duration-ms="6261" status="PASS">
          <params>
            <param index="0">
              <value>
                <![CDATA[adm@yourstore.com]]>
              </value>
            </param>
            <param index="1">
              <value>
                <![CDATA[adm]]>
              </value>
            </param>
            <param index="2">
              <value>
                <![CDATA[Fail]]>
              </value>
            </param>
          </params>
          <reporter-output>
          </reporter-output>
        </test-method> <!-- loginTest -->
        <test-method is-config="true" signature="tearDown()[pri:0, instance:com.nopcommerce.testCases.TC_LoginDDT_002@293d0107]" started-at="2023-04-28T20:42:58 EDT" name="tearDown" finished-at="2023-04-28T20:42:58 EDT" duration-ms="212" status="PASS">
          <reporter-output>
          </reporter-output>
        </test-method> <!-- tearDown -->
      </class> <!-- com.nopcommerce.testCases.TC_LoginDDT_002 -->
    </test> <!-- chrometest -->
  </suite> <!-- nopCommerce -->
</testng-results>
